21-03-2024 07:59:02.987 [restartedMain] [demo] INFO com.example.demo.DemoApplicationKt.logStarting - Starting DemoApplicationKt using Java 17.0.6 with PID 14376 (D:\Documents\Lesson\Project\Implement with Core\demo\target\classes started by Lenovo in D:\Documents\Lesson\Project\Implement with Core\demo)
21-03-2024 07:59:02.991 [restartedMain] [demo] INFO com.example.demo.DemoApplicationKt.logStartupProfileInfo - No active profile set, falling back to 1 default profile: "default"
21-03-2024 07:59:03.082 [restartedMain] [demo] INFO o.s.b.d.e.DevToolsPropertyDefaultsPostProcessor.logTo - Devtools property defaults active! Set 'spring.devtools.add-properties' to 'false' to disable
21-03-2024 07:59:03.083 [restartedMain] [demo] INFO o.s.b.d.e.DevToolsPropertyDefaultsPostProcessor.logTo - For additional web related logging consider setting the 'logging.level.web' property to 'DEBUG'
21-03-2024 07:59:04.150 [restartedMain] [demo] INFO o.s.d.r.c.RepositoryConfigurationDelegate.registerRepositoriesIn - Bootstrapping Spring Data JPA repositories in DEFAULT mode.
21-03-2024 07:59:04.212 [restartedMain] [demo] INFO o.s.d.r.c.RepositoryConfigurationDelegate.registerRepositoriesIn - Finished Spring Data repository scanning in 54 ms. Found 4 JPA repository interfaces.
21-03-2024 07:59:04.707 [restartedMain] [demo] INFO o.s.b.w.e.tomcat.TomcatWebServer.initialize - Tomcat initialized with port 8080 (http)
21-03-2024 07:59:04.716 [restartedMain] [demo] INFO o.a.coyote.http11.Http11NioProtocol.log - Initializing ProtocolHandler ["http-nio-8080"]
21-03-2024 07:59:04.718 [restartedMain] [demo] INFO o.a.catalina.core.StandardService.log - Starting service [Tomcat]
21-03-2024 07:59:04.719 [restartedMain] [demo] INFO o.a.catalina.core.StandardEngine.log - Starting Servlet engine: [Apache Tomcat/10.1.19]
21-03-2024 07:59:04.782 [restartedMain] [demo] INFO o.a.c.c.C.[Tomcat].[localhost].[/].log - Initializing Spring embedded WebApplicationContext
21-03-2024 07:59:04.783 [restartedMain] [demo] INFO o.s.b.w.s.c.ServletWebServerApplicationContext.prepareWebApplicationContext - Root WebApplicationContext: initialization completed in 1699 ms
21-03-2024 07:59:04.893 [restartedMain] [demo] INFO com.zaxxer.hikari.HikariDataSource.getConnection - HikariPool-1 - Starting...
21-03-2024 07:59:05.192 [restartedMain] [demo] INFO com.zaxxer.hikari.pool.HikariPool.checkFailFast - HikariPool-1 - Added connection org.postgresql.jdbc.PgConnection@2998b5be
21-03-2024 07:59:05.193 [restartedMain] [demo] INFO com.zaxxer.hikari.HikariDataSource.getConnection - HikariPool-1 - Start completed.
21-03-2024 07:59:05.242 [restartedMain] [demo] INFO o.h.jpa.internal.util.LogHelper.logPersistenceUnitInformation - HHH000204: Processing PersistenceUnitInfo [name: default]
21-03-2024 07:59:05.307 [restartedMain] [demo] INFO org.hibernate.Version.logVersion - HHH000412: Hibernate ORM core version 6.4.4.Final
21-03-2024 07:59:05.347 [restartedMain] [demo] INFO o.h.c.i.RegionFactoryInitiator.initiateService - HHH000026: Second-level cache disabled
21-03-2024 07:59:05.744 [restartedMain] [demo] INFO o.s.o.j.p.SpringPersistenceUnitInfo.addTransformer - No LoadTimeWeaver setup: ignoring JPA class transformer
21-03-2024 07:59:05.816 [restartedMain] [demo] WARN org.hibernate.orm.deprecation.constructDialect - HHH90000025: PostgreSQLDialect does not need to be specified explicitly using 'hibernate.dialect' (remove the property setting and it will be selected by default)
21-03-2024 07:59:06.697 [restartedMain] [demo] INFO o.h.e.t.j.p.i.JtaPlatformInitiator.initiateService - HHH000489: No JTA platform available (set 'hibernate.transaction.jta.platform' to enable JTA platform integration)
21-03-2024 07:59:06.750 [restartedMain] [demo] DEBUGorg.hibernate.SQL.logStatement - create table cities (id bigserial not null, created_by_id bigint, date_created timestamp(6), status boolean default true not null, last_updated timestamp(6), updated_by_id bigint, version integer, city varchar(50), ucity varchar(255), countryid bigint, primary key (id))
21-03-2024 07:59:06.767 [restartedMain] [demo] DEBUGorg.hibernate.SQL.logStatement - create table countries (id bigserial not null, created_by_id bigint, date_created timestamp(6), status boolean default true not null, last_updated timestamp(6), updated_by_id bigint, version integer, country varchar(50), primary key (id))
21-03-2024 07:59:06.773 [restartedMain] [demo] DEBUGorg.hibernate.SQL.logStatement - create table hotels (id bigserial not null, created_by_id bigint, date_created timestamp(6), status boolean default true not null, last_updated timestamp(6), updated_by_id bigint, version integer, cost float(53), hotel varchar(100), info varchar(255), stars integer, cityid bigint, countryid bigint, primary key (id))
21-03-2024 07:59:06.780 [restartedMain] [demo] DEBUGorg.hibernate.SQL.logStatement - create table images (id bigserial not null, created_by_id bigint, date_created timestamp(6), status boolean default true not null, last_updated timestamp(6), updated_by_id bigint, version integer, imagepath varchar(256), hotelid bigint, primary key (id))
21-03-2024 07:59:06.787 [restartedMain] [demo] DEBUGorg.hibernate.SQL.logStatement - alter table if exists cities drop constraint if exists UKja6kd2vaqnwf83musxqr9qah2
21-03-2024 07:59:06.790 [restartedMain] [demo] WARN o.h.e.jdbc.spi.SqlExceptionHelper.logWarning - SQL Warning Code: 0, SQLState: 00000
21-03-2024 07:59:06.791 [restartedMain] [demo] WARN o.h.e.jdbc.spi.SqlExceptionHelper.logWarning - constraint "ukja6kd2vaqnwf83musxqr9qah2" of relation "cities" does not exist, skipping
21-03-2024 07:59:06.791 [restartedMain] [demo] DEBUGorg.hibernate.SQL.logStatement - alter table if exists cities add constraint UKja6kd2vaqnwf83musxqr9qah2 unique (city)
21-03-2024 07:59:06.796 [restartedMain] [demo] DEBUGorg.hibernate.SQL.logStatement - alter table if exists countries drop constraint if exists UK3lq92imnnml27mqu9lr1emjge
21-03-2024 07:59:06.797 [restartedMain] [demo] WARN o.h.e.jdbc.spi.SqlExceptionHelper.logWarning - SQL Warning Code: 0, SQLState: 00000
21-03-2024 07:59:06.798 [restartedMain] [demo] WARN o.h.e.jdbc.spi.SqlExceptionHelper.logWarning - constraint "uk3lq92imnnml27mqu9lr1emjge" of relation "countries" does not exist, skipping
21-03-2024 07:59:06.798 [restartedMain] [demo] DEBUGorg.hibernate.SQL.logStatement - alter table if exists countries add constraint UK3lq92imnnml27mqu9lr1emjge unique (country)
21-03-2024 07:59:06.802 [restartedMain] [demo] DEBUGorg.hibernate.SQL.logStatement - alter table if exists hotels drop constraint if exists UKcjb3o0c32k48ljt6c8hv4xvvs
21-03-2024 07:59:06.804 [restartedMain] [demo] WARN o.h.e.jdbc.spi.SqlExceptionHelper.logWarning - SQL Warning Code: 0, SQLState: 00000
21-03-2024 07:59:06.804 [restartedMain] [demo] WARN o.h.e.jdbc.spi.SqlExceptionHelper.logWarning - constraint "ukcjb3o0c32k48ljt6c8hv4xvvs" of relation "hotels" does not exist, skipping
21-03-2024 07:59:06.804 [restartedMain] [demo] DEBUGorg.hibernate.SQL.logStatement - alter table if exists hotels add constraint UKcjb3o0c32k48ljt6c8hv4xvvs unique (hotel)
21-03-2024 07:59:06.808 [restartedMain] [demo] DEBUGorg.hibernate.SQL.logStatement - alter table if exists images drop constraint if exists UKo96228pf2emfge29o9tnjprcn
21-03-2024 07:59:06.809 [restartedMain] [demo] WARN o.h.e.jdbc.spi.SqlExceptionHelper.logWarning - SQL Warning Code: 0, SQLState: 00000
21-03-2024 07:59:06.809 [restartedMain] [demo] WARN o.h.e.jdbc.spi.SqlExceptionHelper.logWarning - constraint "uko96228pf2emfge29o9tnjprcn" of relation "images" does not exist, skipping
21-03-2024 07:59:06.809 [restartedMain] [demo] DEBUGorg.hibernate.SQL.logStatement - alter table if exists images add constraint UKo96228pf2emfge29o9tnjprcn unique (imagepath)
21-03-2024 07:59:06.812 [restartedMain] [demo] DEBUGorg.hibernate.SQL.logStatement - alter table if exists cities add constraint FKjiid62wexqfewvl9648ygr9pn foreign key (countryid) references countries
21-03-2024 07:59:06.819 [restartedMain] [demo] DEBUGorg.hibernate.SQL.logStatement - alter table if exists hotels add constraint FK389p6aniig5csmmhgn4ltd0a8 foreign key (cityid) references cities
21-03-2024 07:59:06.822 [restartedMain] [demo] DEBUGorg.hibernate.SQL.logStatement - alter table if exists hotels add constraint FK2x0r0rbihi21w4g1eg9331ad1 foreign key (countryid) references countries
21-03-2024 07:59:06.824 [restartedMain] [demo] DEBUGorg.hibernate.SQL.logStatement - alter table if exists images add constraint FK2d9ytkcpnds9fui0798yo2t65 foreign key (hotelid) references hotels
21-03-2024 07:59:06.830 [restartedMain] [demo] INFO o.s.o.j.LocalContainerEntityManagerFactoryBean.buildNativeEntityManagerFactory - Initialized JPA EntityManagerFactory for persistence unit 'default'
21-03-2024 07:59:07.618 [restartedMain] [demo] WARN o.s.b.a.o.j.JpaBaseConfiguration$JpaWebConfiguration.openEntityManagerInViewInterceptor - spring.jpa.open-in-view is enabled by default. Therefore, database queries may be performed during view rendering. Explicitly configure spring.jpa.open-in-view to disable this warning
21-03-2024 07:59:07.966 [restartedMain] [demo] INFO o.s.b.d.a.OptionalLiveReloadServer.startServer - LiveReload server is running on port 35729
21-03-2024 07:59:07.989 [restartedMain] [demo] INFO o.a.coyote.http11.Http11NioProtocol.log - Starting ProtocolHandler ["http-nio-8080"]
21-03-2024 07:59:08.006 [restartedMain] [demo] INFO o.s.b.w.e.tomcat.TomcatWebServer.start - Tomcat started on port 8080 (http) with context path ''
21-03-2024 07:59:08.015 [restartedMain] [demo] INFO com.example.demo.DemoApplicationKt.logStarted - Started DemoApplicationKt in 5.66 seconds (process running for 6.744)
21-03-2024 08:00:39.009 [http-nio-8080-exec-1] [demo] INFO o.a.c.c.C.[Tomcat].[localhost].[/].log - Initializing Spring DispatcherServlet 'dispatcherServlet'
21-03-2024 08:00:39.009 [http-nio-8080-exec-1] [demo] INFO o.s.web.servlet.DispatcherServlet.initServletBean - Initializing Servlet 'dispatcherServlet'
21-03-2024 08:00:39.010 [http-nio-8080-exec-1] [demo] INFO o.s.web.servlet.DispatcherServlet.initServletBean - Completed initialization in 1 ms
21-03-2024 08:00:39.313 [http-nio-8080-exec-1] [demo] DEBUGorg.hibernate.SQL.logStatement - select c1_0.id,c1_0.country,c1_0.created_by_id,c1_0.date_created,c1_0.status,c1_0.last_updated,c1_0.updated_by_id,c1_0.version from countries c1_0
21-03-2024 08:00:39.345 [http-nio-8080-exec-1] [demo] DEBUGorg.hibernate.SQL.logStatement - insert into countries (country,created_by_id,date_created,status,last_updated,updated_by_id,version) values (?,?,?,?,?,?,?)
21-03-2024 08:00:39.382 [http-nio-8080-exec-1] [demo] DEBUGorg.hibernate.SQL.logStatement - update countries set country=?,created_by_id=?,date_created=?,status=?,last_updated=?,updated_by_id=?,version=? where id=?
21-03-2024 08:00:42.440 [http-nio-8080-exec-3] [demo] DEBUGorg.hibernate.SQL.logStatement - select c1_0.id,c1_0.country,c1_0.created_by_id,c1_0.date_created,c1_0.status,c1_0.last_updated,c1_0.updated_by_id,c1_0.version from countries c1_0
21-03-2024 08:00:42.506 [http-nio-8080-exec-3] [demo] ERRORc.i.c.core.GlobalExceptionHandler.handleAllExceptions - Cambodia is already existed!
21-03-2024 08:00:42.511 [http-nio-8080-exec-3] [demo] WARN o.s.w.s.m.m.a.ExceptionHandlerExceptionResolver.logException - Resolved [java.lang.IllegalStateException: Cambodia is already existed!]
21-03-2024 08:01:00.513 [http-nio-8080-exec-5] [demo] DEBUGorg.hibernate.SQL.logStatement - select c1_0.id,c1_0.country,c1_0.created_by_id,c1_0.date_created,c1_0.status,c1_0.last_updated,c1_0.updated_by_id,c1_0.version from countries c1_0
21-03-2024 08:01:00.515 [http-nio-8080-exec-5] [demo] DEBUGorg.hibernate.SQL.logStatement - insert into countries (country,created_by_id,date_created,status,last_updated,updated_by_id,version) values (?,?,?,?,?,?,?)
21-03-2024 08:01:00.522 [http-nio-8080-exec-5] [demo] DEBUGorg.hibernate.SQL.logStatement - update countries set country=?,created_by_id=?,date_created=?,status=?,last_updated=?,updated_by_id=?,version=? where id=?
21-03-2024 08:01:04.775 [http-nio-8080-exec-8] [demo] DEBUGorg.hibernate.SQL.logStatement - select c1_0.id,c1_0.country,c1_0.created_by_id,c1_0.date_created,c1_0.status,c1_0.last_updated,c1_0.updated_by_id,c1_0.version from countries c1_0
21-03-2024 08:01:04.779 [http-nio-8080-exec-8] [demo] ERRORc.i.c.core.GlobalExceptionHandler.handleAllExceptions - USA is already existed!
21-03-2024 08:01:04.781 [http-nio-8080-exec-8] [demo] WARN o.s.w.s.m.m.a.ExceptionHandlerExceptionResolver.logException - Resolved [java.lang.IllegalStateException: USA is already existed!]
21-03-2024 08:02:09.084 [SpringApplicationShutdownHook] [demo] INFO o.s.o.j.LocalContainerEntityManagerFactoryBean.destroy - Closing JPA EntityManagerFactory for persistence unit 'default'
21-03-2024 08:02:09.087 [SpringApplicationShutdownHook] [demo] INFO com.zaxxer.hikari.HikariDataSource.close - HikariPool-1 - Shutdown initiated...
21-03-2024 08:02:09.092 [SpringApplicationShutdownHook] [demo] INFO com.zaxxer.hikari.HikariDataSource.close - HikariPool-1 - Shutdown completed.
21-03-2024 08:04:13.360 [restartedMain] [demo] INFO com.example.demo.DemoApplicationKt.logStarting - Starting DemoApplicationKt using Java 17.0.6 with PID 6828 (D:\Documents\Lesson\Project\Implement with Core\demo\target\classes started by Lenovo in D:\Documents\Lesson\Project\Implement with Core\demo)
21-03-2024 08:04:13.364 [restartedMain] [demo] INFO com.example.demo.DemoApplicationKt.logStartupProfileInfo - No active profile set, falling back to 1 default profile: "default"
21-03-2024 08:04:13.430 [restartedMain] [demo] INFO o.s.b.d.e.DevToolsPropertyDefaultsPostProcessor.logTo - Devtools property defaults active! Set 'spring.devtools.add-properties' to 'false' to disable
21-03-2024 08:04:13.432 [restartedMain] [demo] INFO o.s.b.d.e.DevToolsPropertyDefaultsPostProcessor.logTo - For additional web related logging consider setting the 'logging.level.web' property to 'DEBUG'
21-03-2024 08:04:14.463 [restartedMain] [demo] INFO o.s.d.r.c.RepositoryConfigurationDelegate.registerRepositoriesIn - Bootstrapping Spring Data JPA repositories in DEFAULT mode.
21-03-2024 08:04:14.514 [restartedMain] [demo] INFO o.s.d.r.c.RepositoryConfigurationDelegate.registerRepositoriesIn - Finished Spring Data repository scanning in 44 ms. Found 4 JPA repository interfaces.
21-03-2024 08:04:14.944 [restartedMain] [demo] INFO o.s.b.w.e.tomcat.TomcatWebServer.initialize - Tomcat initialized with port 8080 (http)
21-03-2024 08:04:14.951 [restartedMain] [demo] INFO o.a.coyote.http11.Http11NioProtocol.log - Initializing ProtocolHandler ["http-nio-8080"]
21-03-2024 08:04:14.953 [restartedMain] [demo] INFO o.a.catalina.core.StandardService.log - Starting service [Tomcat]
21-03-2024 08:04:14.953 [restartedMain] [demo] INFO o.a.catalina.core.StandardEngine.log - Starting Servlet engine: [Apache Tomcat/10.1.19]
21-03-2024 08:04:15.006 [restartedMain] [demo] INFO o.a.c.c.C.[Tomcat].[localhost].[/].log - Initializing Spring embedded WebApplicationContext
21-03-2024 08:04:15.007 [restartedMain] [demo] INFO o.s.b.w.s.c.ServletWebServerApplicationContext.prepareWebApplicationContext - Root WebApplicationContext: initialization completed in 1575 ms
21-03-2024 08:04:15.107 [restartedMain] [demo] INFO com.zaxxer.hikari.HikariDataSource.getConnection - HikariPool-1 - Starting...
21-03-2024 08:04:15.291 [restartedMain] [demo] INFO com.zaxxer.hikari.pool.HikariPool.checkFailFast - HikariPool-1 - Added connection org.postgresql.jdbc.PgConnection@70060fd
21-03-2024 08:04:15.293 [restartedMain] [demo] INFO com.zaxxer.hikari.HikariDataSource.getConnection - HikariPool-1 - Start completed.
21-03-2024 08:04:15.332 [restartedMain] [demo] INFO o.h.jpa.internal.util.LogHelper.logPersistenceUnitInformation - HHH000204: Processing PersistenceUnitInfo [name: default]
21-03-2024 08:04:15.373 [restartedMain] [demo] INFO org.hibernate.Version.logVersion - HHH000412: Hibernate ORM core version 6.4.4.Final
21-03-2024 08:04:15.399 [restartedMain] [demo] INFO o.h.c.i.RegionFactoryInitiator.initiateService - HHH000026: Second-level cache disabled
21-03-2024 08:04:15.609 [restartedMain] [demo] INFO o.s.o.j.p.SpringPersistenceUnitInfo.addTransformer - No LoadTimeWeaver setup: ignoring JPA class transformer
21-03-2024 08:04:15.664 [restartedMain] [demo] WARN org.hibernate.orm.deprecation.constructDialect - HHH90000025: PostgreSQLDialect does not need to be specified explicitly using 'hibernate.dialect' (remove the property setting and it will be selected by default)
21-03-2024 08:04:16.410 [restartedMain] [demo] INFO o.h.e.t.j.p.i.JtaPlatformInitiator.initiateService - HHH000489: No JTA platform available (set 'hibernate.transaction.jta.platform' to enable JTA platform integration)
21-03-2024 08:04:16.548 [restartedMain] [demo] INFO o.s.o.j.LocalContainerEntityManagerFactoryBean.buildNativeEntityManagerFactory - Initialized JPA EntityManagerFactory for persistence unit 'default'
21-03-2024 08:04:17.223 [restartedMain] [demo] WARN o.s.b.a.o.j.JpaBaseConfiguration$JpaWebConfiguration.openEntityManagerInViewInterceptor - spring.jpa.open-in-view is enabled by default. Therefore, database queries may be performed during view rendering. Explicitly configure spring.jpa.open-in-view to disable this warning
21-03-2024 08:04:17.556 [restartedMain] [demo] INFO o.s.b.d.a.OptionalLiveReloadServer.startServer - LiveReload server is running on port 35729
21-03-2024 08:04:17.573 [restartedMain] [demo] INFO o.a.coyote.http11.Http11NioProtocol.log - Starting ProtocolHandler ["http-nio-8080"]
21-03-2024 08:04:17.587 [restartedMain] [demo] INFO o.s.b.w.e.tomcat.TomcatWebServer.start - Tomcat started on port 8080 (http) with context path ''
21-03-2024 08:04:17.594 [restartedMain] [demo] INFO com.example.demo.DemoApplicationKt.logStarted - Started DemoApplicationKt in 4.777 seconds (process running for 5.591)
21-03-2024 08:04:24.537 [http-nio-8080-exec-2] [demo] INFO o.a.c.c.C.[Tomcat].[localhost].[/].log - Initializing Spring DispatcherServlet 'dispatcherServlet'
21-03-2024 08:04:24.537 [http-nio-8080-exec-2] [demo] INFO o.s.web.servlet.DispatcherServlet.initServletBean - Initializing Servlet 'dispatcherServlet'
21-03-2024 08:04:24.538 [http-nio-8080-exec-2] [demo] INFO o.s.web.servlet.DispatcherServlet.initServletBean - Completed initialization in 1 ms
21-03-2024 08:04:24.805 [http-nio-8080-exec-2] [demo] DEBUGorg.hibernate.SQL.logStatement - select c1_0.id,c1_0.country,c1_0.created_by_id,c1_0.date_created,c1_0.status,c1_0.last_updated,c1_0.updated_by_id,c1_0.version from countries c1_0 where c1_0.id=?
21-03-2024 08:04:24.942 [http-nio-8080-exec-2] [demo] DEBUGorg.hibernate.SQL.logStatement - select c1_0.id,c1_0.city,c1_0.countryid,c1_0.created_by_id,c1_0.date_created,c1_0.status,c1_0.ucity,c1_0.last_updated,c1_0.updated_by_id,c1_0.version from cities c1_0
21-03-2024 08:04:24.977 [http-nio-8080-exec-2] [demo] DEBUGorg.hibernate.SQL.logStatement - insert into cities (city,countryid,created_by_id,date_created,status,ucity,last_updated,updated_by_id,version) values (?,?,?,?,?,?,?,?,?)
21-03-2024 08:04:25.023 [http-nio-8080-exec-2] [demo] DEBUGorg.hibernate.SQL.logStatement - update cities set city=?,created_by_id=?,date_created=?,status=?,ucity=?,last_updated=?,updated_by_id=?,version=? where id=?
21-03-2024 08:04:36.285 [http-nio-8080-exec-4] [demo] DEBUGorg.hibernate.SQL.logStatement - select c1_0.id,c1_0.country,c1_0.created_by_id,c1_0.date_created,c1_0.status,c1_0.last_updated,c1_0.updated_by_id,c1_0.version from countries c1_0 where c1_0.id=?
21-03-2024 08:04:36.289 [http-nio-8080-exec-4] [demo] DEBUGorg.hibernate.SQL.logStatement - select c1_0.id,c1_0.city,c1_0.countryid,c1_0.created_by_id,c1_0.date_created,c1_0.status,c1_0.ucity,c1_0.last_updated,c1_0.updated_by_id,c1_0.version from cities c1_0
21-03-2024 08:04:36.292 [http-nio-8080-exec-4] [demo] DEBUGorg.hibernate.SQL.logStatement - insert into cities (city,countryid,created_by_id,date_created,status,ucity,last_updated,updated_by_id,version) values (?,?,?,?,?,?,?,?,?)
21-03-2024 08:04:36.305 [http-nio-8080-exec-4] [demo] DEBUGorg.hibernate.SQL.logStatement - update cities set city=?,created_by_id=?,date_created=?,status=?,ucity=?,last_updated=?,updated_by_id=?,version=? where id=?
21-03-2024 08:04:55.947 [http-nio-8080-exec-6] [demo] DEBUGorg.hibernate.SQL.logStatement - select c1_0.id,c1_0.country,c1_0.created_by_id,c1_0.date_created,c1_0.status,c1_0.last_updated,c1_0.updated_by_id,c1_0.version from countries c1_0
21-03-2024 08:04:55.958 [http-nio-8080-exec-6] [demo] DEBUGorg.hibernate.SQL.logStatement - select c1_0.countryid,c1_0.id,c1_0.city,c1_0.created_by_id,c1_0.date_created,c1_0.status,c1_0.ucity,c1_0.last_updated,c1_0.updated_by_id,c1_0.version from cities c1_0 where c1_0.countryid=?
21-03-2024 08:04:55.964 [http-nio-8080-exec-6] [demo] DEBUGorg.hibernate.SQL.logStatement - select h1_0.cityid,h1_0.id,h1_0.cost,h1_0.countryid,h1_0.created_by_id,h1_0.date_created,h1_0.hotel,h1_0.info,h1_0.stars,h1_0.status,h1_0.last_updated,h1_0.updated_by_id,h1_0.version from hotels h1_0 where h1_0.cityid=?
21-03-2024 08:04:55.968 [http-nio-8080-exec-6] [demo] DEBUGorg.hibernate.SQL.logStatement - select h1_0.cityid,h1_0.id,h1_0.cost,h1_0.countryid,h1_0.created_by_id,h1_0.date_created,h1_0.hotel,h1_0.info,h1_0.stars,h1_0.status,h1_0.last_updated,h1_0.updated_by_id,h1_0.version from hotels h1_0 where h1_0.cityid=?
21-03-2024 08:04:55.971 [http-nio-8080-exec-6] [demo] DEBUGorg.hibernate.SQL.logStatement - update countries set country=?,created_by_id=?,date_created=?,status=?,last_updated=?,updated_by_id=?,version=? where id=?
21-03-2024 08:04:55.974 [http-nio-8080-exec-6] [demo] DEBUGorg.hibernate.SQL.logStatement - update cities set countryid=null where countryid=?
21-03-2024 08:04:55.976 [http-nio-8080-exec-6] [demo] DEBUGorg.hibernate.SQL.logStatement - delete from cities where id=?
21-03-2024 08:04:55.978 [http-nio-8080-exec-6] [demo] DEBUGorg.hibernate.SQL.logStatement - delete from cities where id=?
21-03-2024 08:04:55.988 [http-nio-8080-exec-6] [demo] DEBUGorg.hibernate.SQL.logStatement - update countries set country=?,created_by_id=?,date_created=?,status=?,last_updated=?,updated_by_id=?,version=? where id=?
21-03-2024 08:05:03.717 [http-nio-8080-exec-7] [demo] DEBUGorg.hibernate.SQL.logStatement - select c1_0.id,c1_0.country,c1_0.created_by_id,c1_0.date_created,c1_0.status,c1_0.last_updated,c1_0.updated_by_id,c1_0.version from countries c1_0 order by c1_0.id
21-03-2024 08:05:03.722 [http-nio-8080-exec-7] [demo] DEBUGorg.hibernate.SQL.logStatement - select c1_0.countryid,c1_0.id,c1_0.city,c1_0.created_by_id,c1_0.date_created,c1_0.status,c1_0.ucity,c1_0.last_updated,c1_0.updated_by_id,c1_0.version from cities c1_0 where c1_0.countryid=?
21-03-2024 08:05:03.723 [http-nio-8080-exec-7] [demo] DEBUGorg.hibernate.SQL.logStatement - select c1_0.countryid,c1_0.id,c1_0.city,c1_0.created_by_id,c1_0.date_created,c1_0.status,c1_0.ucity,c1_0.last_updated,c1_0.updated_by_id,c1_0.version from cities c1_0 where c1_0.countryid=?
21-03-2024 08:06:48.186 [http-nio-8080-exec-8] [demo] DEBUGorg.hibernate.SQL.logStatement - select c1_0.id,c1_0.country,c1_0.created_by_id,c1_0.date_created,c1_0.status,c1_0.last_updated,c1_0.updated_by_id,c1_0.version from countries c1_0 where c1_0.id=?
21-03-2024 08:06:48.190 [http-nio-8080-exec-8] [demo] DEBUGorg.hibernate.SQL.logStatement - select c1_0.id,c1_0.city,c1_0.countryid,c1_0.created_by_id,c1_0.date_created,c1_0.status,c1_0.ucity,c1_0.last_updated,c1_0.updated_by_id,c1_0.version from cities c1_0
21-03-2024 08:06:48.192 [http-nio-8080-exec-8] [demo] DEBUGorg.hibernate.SQL.logStatement - insert into cities (city,countryid,created_by_id,date_created,status,ucity,last_updated,updated_by_id,version) values (?,?,?,?,?,?,?,?,?)
21-03-2024 08:06:48.197 [http-nio-8080-exec-8] [demo] DEBUGorg.hibernate.SQL.logStatement - update cities set city=?,created_by_id=?,date_created=?,status=?,ucity=?,last_updated=?,updated_by_id=?,version=? where id=?
21-03-2024 08:07:01.824 [http-nio-8080-exec-3] [demo] DEBUGorg.hibernate.SQL.logStatement - select c1_0.id,c1_0.country,c1_0.created_by_id,c1_0.date_created,c1_0.status,c1_0.last_updated,c1_0.updated_by_id,c1_0.version from countries c1_0 where c1_0.id=?
21-03-2024 08:07:01.827 [http-nio-8080-exec-3] [demo] DEBUGorg.hibernate.SQL.logStatement - select c1_0.id,c1_0.city,c1_0.countryid,c1_0.created_by_id,c1_0.date_created,c1_0.status,c1_0.ucity,c1_0.last_updated,c1_0.updated_by_id,c1_0.version from cities c1_0
21-03-2024 08:07:01.829 [http-nio-8080-exec-3] [demo] DEBUGorg.hibernate.SQL.logStatement - insert into cities (city,countryid,created_by_id,date_created,status,ucity,last_updated,updated_by_id,version) values (?,?,?,?,?,?,?,?,?)
21-03-2024 08:07:01.842 [http-nio-8080-exec-3] [demo] DEBUGorg.hibernate.SQL.logStatement - update cities set city=?,created_by_id=?,date_created=?,status=?,ucity=?,last_updated=?,updated_by_id=?,version=? where id=?
21-03-2024 08:07:09.804 [http-nio-8080-exec-10] [demo] DEBUGorg.hibernate.SQL.logStatement - select c1_0.id,c1_0.country,c1_0.created_by_id,c1_0.date_created,c1_0.status,c1_0.last_updated,c1_0.updated_by_id,c1_0.version from countries c1_0 order by c1_0.id
21-03-2024 08:07:09.809 [http-nio-8080-exec-10] [demo] DEBUGorg.hibernate.SQL.logStatement - select c1_0.countryid,c1_0.id,c1_0.city,c1_0.created_by_id,c1_0.date_created,c1_0.status,c1_0.ucity,c1_0.last_updated,c1_0.updated_by_id,c1_0.version from cities c1_0 where c1_0.countryid=?
21-03-2024 08:07:09.816 [http-nio-8080-exec-10] [demo] DEBUGorg.hibernate.SQL.logStatement - select h1_0.cityid,h1_0.id,h1_0.cost,h1_0.countryid,h1_0.created_by_id,h1_0.date_created,h1_0.hotel,h1_0.info,h1_0.stars,h1_0.status,h1_0.last_updated,h1_0.updated_by_id,h1_0.version from hotels h1_0 where h1_0.cityid=?
21-03-2024 08:07:09.817 [http-nio-8080-exec-10] [demo] DEBUGorg.hibernate.SQL.logStatement - select h1_0.cityid,h1_0.id,h1_0.cost,h1_0.countryid,h1_0.created_by_id,h1_0.date_created,h1_0.hotel,h1_0.info,h1_0.stars,h1_0.status,h1_0.last_updated,h1_0.updated_by_id,h1_0.version from hotels h1_0 where h1_0.cityid=?
21-03-2024 08:07:09.818 [http-nio-8080-exec-10] [demo] DEBUGorg.hibernate.SQL.logStatement - select c1_0.countryid,c1_0.id,c1_0.city,c1_0.created_by_id,c1_0.date_created,c1_0.status,c1_0.ucity,c1_0.last_updated,c1_0.updated_by_id,c1_0.version from cities c1_0 where c1_0.countryid=?
21-03-2024 08:07:45.504 [http-nio-8080-exec-1] [demo] DEBUGorg.hibernate.SQL.logStatement - select c1_0.id,c1_0.country,c1_0.created_by_id,c1_0.date_created,c1_0.status,c1_0.last_updated,c1_0.updated_by_id,c1_0.version from countries c1_0
21-03-2024 08:07:45.508 [http-nio-8080-exec-1] [demo] DEBUGorg.hibernate.SQL.logStatement - select c1_0.countryid,c1_0.id,c1_0.city,c1_0.created_by_id,c1_0.date_created,c1_0.status,c1_0.ucity,c1_0.last_updated,c1_0.updated_by_id,c1_0.version from cities c1_0 where c1_0.countryid=?
21-03-2024 08:07:45.513 [http-nio-8080-exec-1] [demo] DEBUGorg.hibernate.SQL.logStatement - select h1_0.cityid,h1_0.id,h1_0.cost,h1_0.countryid,h1_0.created_by_id,h1_0.date_created,h1_0.hotel,h1_0.info,h1_0.stars,h1_0.status,h1_0.last_updated,h1_0.updated_by_id,h1_0.version from hotels h1_0 where h1_0.cityid=?
21-03-2024 08:07:45.515 [http-nio-8080-exec-1] [demo] DEBUGorg.hibernate.SQL.logStatement - select h1_0.cityid,h1_0.id,h1_0.cost,h1_0.countryid,h1_0.created_by_id,h1_0.date_created,h1_0.hotel,h1_0.info,h1_0.stars,h1_0.status,h1_0.last_updated,h1_0.updated_by_id,h1_0.version from hotels h1_0 where h1_0.cityid=?
21-03-2024 08:07:45.517 [http-nio-8080-exec-1] [demo] DEBUGorg.hibernate.SQL.logStatement - update countries set country=?,created_by_id=?,date_created=?,status=?,last_updated=?,updated_by_id=?,version=? where id=?
21-03-2024 08:07:45.518 [http-nio-8080-exec-1] [demo] DEBUGorg.hibernate.SQL.logStatement - update cities set countryid=null where countryid=?
21-03-2024 08:07:45.519 [http-nio-8080-exec-1] [demo] DEBUGorg.hibernate.SQL.logStatement - delete from cities where id=?
21-03-2024 08:07:45.520 [http-nio-8080-exec-1] [demo] DEBUGorg.hibernate.SQL.logStatement - delete from cities where id=?
21-03-2024 08:07:45.525 [http-nio-8080-exec-1] [demo] DEBUGorg.hibernate.SQL.logStatement - update countries set country=?,created_by_id=?,date_created=?,status=?,last_updated=?,updated_by_id=?,version=? where id=?
21-03-2024 08:08:17.043 [http-nio-8080-exec-2] [demo] DEBUGorg.hibernate.SQL.logStatement - select c1_0.id,c1_0.country,c1_0.created_by_id,c1_0.date_created,c1_0.status,c1_0.last_updated,c1_0.updated_by_id,c1_0.version from countries c1_0
21-03-2024 08:08:17.101 [http-nio-8080-exec-2] [demo] ERRORc.i.c.core.GlobalExceptionHandler.handleAllExceptions - Cambodia is already existed!
21-03-2024 08:08:17.105 [http-nio-8080-exec-2] [demo] WARN o.s.w.s.m.m.a.ExceptionHandlerExceptionResolver.logException - Resolved [java.lang.IllegalStateException: Cambodia is already existed!]
21-03-2024 08:08:46.860 [SpringApplicationShutdownHook] [demo] INFO o.s.o.j.LocalContainerEntityManagerFactoryBean.destroy - Closing JPA EntityManagerFactory for persistence unit 'default'
21-03-2024 08:08:46.863 [SpringApplicationShutdownHook] [demo] INFO com.zaxxer.hikari.HikariDataSource.close - HikariPool-1 - Shutdown initiated...
21-03-2024 08:08:46.866 [SpringApplicationShutdownHook] [demo] INFO com.zaxxer.hikari.HikariDataSource.close - HikariPool-1 - Shutdown completed.
21-03-2024 09:36:49.406 [restartedMain] [demo] INFO com.example.demo.DemoApplicationKt.logStarting - Starting DemoApplicationKt using Java 17.0.6 with PID 3148 (D:\Documents\Lesson\Project\Implement with Core\demo\target\classes started by Lenovo in D:\Documents\Lesson\Project\Implement with Core\demo)
21-03-2024 09:36:49.412 [restartedMain] [demo] INFO com.example.demo.DemoApplicationKt.logStartupProfileInfo - No active profile set, falling back to 1 default profile: "default"
21-03-2024 09:36:49.495 [restartedMain] [demo] INFO o.s.b.d.e.DevToolsPropertyDefaultsPostProcessor.logTo - Devtools property defaults active! Set 'spring.devtools.add-properties' to 'false' to disable
21-03-2024 09:36:49.496 [restartedMain] [demo] INFO o.s.b.d.e.DevToolsPropertyDefaultsPostProcessor.logTo - For additional web related logging consider setting the 'logging.level.web' property to 'DEBUG'
21-03-2024 09:36:50.592 [restartedMain] [demo] INFO o.s.d.r.c.RepositoryConfigurationDelegate.registerRepositoriesIn - Bootstrapping Spring Data JPA repositories in DEFAULT mode.
21-03-2024 09:36:50.659 [restartedMain] [demo] INFO o.s.d.r.c.RepositoryConfigurationDelegate.registerRepositoriesIn - Finished Spring Data repository scanning in 59 ms. Found 4 JPA repository interfaces.
21-03-2024 09:36:51.130 [restartedMain] [demo] INFO o.s.b.w.e.tomcat.TomcatWebServer.initialize - Tomcat initialized with port 8080 (http)
21-03-2024 09:36:51.144 [restartedMain] [demo] INFO o.a.coyote.http11.Http11NioProtocol.log - Initializing ProtocolHandler ["http-nio-8080"]
21-03-2024 09:36:51.146 [restartedMain] [demo] INFO o.a.catalina.core.StandardService.log - Starting service [Tomcat]
21-03-2024 09:36:51.147 [restartedMain] [demo] INFO o.a.catalina.core.StandardEngine.log - Starting Servlet engine: [Apache Tomcat/10.1.19]
21-03-2024 09:36:51.197 [restartedMain] [demo] INFO o.a.c.c.C.[Tomcat].[localhost].[/].log - Initializing Spring embedded WebApplicationContext
21-03-2024 09:36:51.197 [restartedMain] [demo] INFO o.s.b.w.s.c.ServletWebServerApplicationContext.prepareWebApplicationContext - Root WebApplicationContext: initialization completed in 1700 ms
21-03-2024 09:36:51.300 [restartedMain] [demo] INFO com.zaxxer.hikari.HikariDataSource.getConnection - HikariPool-1 - Starting...
21-03-2024 09:36:51.477 [restartedMain] [demo] INFO com.zaxxer.hikari.pool.HikariPool.checkFailFast - HikariPool-1 - Added connection org.postgresql.jdbc.PgConnection@4a7ec11c
21-03-2024 09:36:51.479 [restartedMain] [demo] INFO com.zaxxer.hikari.HikariDataSource.getConnection - HikariPool-1 - Start completed.
21-03-2024 09:36:51.518 [restartedMain] [demo] INFO o.h.jpa.internal.util.LogHelper.logPersistenceUnitInformation - HHH000204: Processing PersistenceUnitInfo [name: default]
21-03-2024 09:36:51.564 [restartedMain] [demo] INFO org.hibernate.Version.logVersion - HHH000412: Hibernate ORM core version 6.4.4.Final
21-03-2024 09:36:51.592 [restartedMain] [demo] INFO o.h.c.i.RegionFactoryInitiator.initiateService - HHH000026: Second-level cache disabled
21-03-2024 09:36:51.840 [restartedMain] [demo] INFO o.s.o.j.p.SpringPersistenceUnitInfo.addTransformer - No LoadTimeWeaver setup: ignoring JPA class transformer
21-03-2024 09:36:51.893 [restartedMain] [demo] WARN org.hibernate.orm.deprecation.constructDialect - HHH90000025: PostgreSQLDialect does not need to be specified explicitly using 'hibernate.dialect' (remove the property setting and it will be selected by default)
21-03-2024 09:36:52.677 [restartedMain] [demo] INFO o.h.e.t.j.p.i.JtaPlatformInitiator.initiateService - HHH000489: No JTA platform available (set 'hibernate.transaction.jta.platform' to enable JTA platform integration)
21-03-2024 09:36:52.814 [restartedMain] [demo] INFO o.s.o.j.LocalContainerEntityManagerFactoryBean.buildNativeEntityManagerFactory - Initialized JPA EntityManagerFactory for persistence unit 'default'
21-03-2024 09:36:53.495 [restartedMain] [demo] WARN o.s.b.a.o.j.JpaBaseConfiguration$JpaWebConfiguration.openEntityManagerInViewInterceptor - spring.jpa.open-in-view is enabled by default. Therefore, database queries may be performed during view rendering. Explicitly configure spring.jpa.open-in-view to disable this warning
21-03-2024 09:36:53.832 [restartedMain] [demo] INFO o.s.b.d.a.OptionalLiveReloadServer.startServer - LiveReload server is running on port 35729
21-03-2024 09:36:53.854 [restartedMain] [demo] INFO o.a.coyote.http11.Http11NioProtocol.log - Starting ProtocolHandler ["http-nio-8080"]
21-03-2024 09:36:53.869 [restartedMain] [demo] INFO o.s.b.w.e.tomcat.TomcatWebServer.start - Tomcat started on port 8080 (http) with context path ''
21-03-2024 09:36:53.877 [restartedMain] [demo] INFO com.example.demo.DemoApplicationKt.logStarted - Started DemoApplicationKt in 4.979 seconds (process running for 5.985)
21-03-2024 09:58:11.348 [SpringApplicationShutdownHook] [demo] INFO o.s.o.j.LocalContainerEntityManagerFactoryBean.destroy - Closing JPA EntityManagerFactory for persistence unit 'default'
21-03-2024 09:58:11.354 [SpringApplicationShutdownHook] [demo] INFO com.zaxxer.hikari.HikariDataSource.close - HikariPool-1 - Shutdown initiated...
21-03-2024 09:58:11.358 [SpringApplicationShutdownHook] [demo] INFO com.zaxxer.hikari.HikariDataSource.close - HikariPool-1 - Shutdown completed.
21-03-2024 10:00:55.920 [restartedMain] [demo] INFO com.example.demo.DemoApplicationKt.logStarting - Starting DemoApplicationKt using Java 17.0.6 with PID 6076 (D:\Documents\Lesson\Project\Implement with Core\demo\target\classes started by Lenovo in D:\Documents\Lesson\Project\Implement with Core\demo)
21-03-2024 10:00:55.928 [restartedMain] [demo] INFO com.example.demo.DemoApplicationKt.logStartupProfileInfo - No active profile set, falling back to 1 default profile: "default"
21-03-2024 10:00:56.049 [restartedMain] [demo] INFO o.s.b.d.e.DevToolsPropertyDefaultsPostProcessor.logTo - Devtools property defaults active! Set 'spring.devtools.add-properties' to 'false' to disable
21-03-2024 10:00:56.051 [restartedMain] [demo] INFO o.s.b.d.e.DevToolsPropertyDefaultsPostProcessor.logTo - For additional web related logging consider setting the 'logging.level.web' property to 'DEBUG'
21-03-2024 10:00:57.958 [restartedMain] [demo] INFO o.s.d.r.c.RepositoryConfigurationDelegate.registerRepositoriesIn - Bootstrapping Spring Data JPA repositories in DEFAULT mode.
21-03-2024 10:00:58.059 [restartedMain] [demo] INFO o.s.d.r.c.RepositoryConfigurationDelegate.registerRepositoriesIn - Finished Spring Data repository scanning in 88 ms. Found 4 JPA repository interfaces.
21-03-2024 10:00:58.968 [restartedMain] [demo] INFO o.s.b.w.e.tomcat.TomcatWebServer.initialize - Tomcat initialized with port 8080 (http)
21-03-2024 10:00:58.979 [restartedMain] [demo] INFO o.a.coyote.http11.Http11NioProtocol.log - Initializing ProtocolHandler ["http-nio-8080"]
21-03-2024 10:00:58.981 [restartedMain] [demo] INFO o.a.catalina.core.StandardService.log - Starting service [Tomcat]
21-03-2024 10:00:58.981 [restartedMain] [demo] INFO o.a.catalina.core.StandardEngine.log - Starting Servlet engine: [Apache Tomcat/10.1.19]
21-03-2024 10:00:59.055 [restartedMain] [demo] INFO o.a.c.c.C.[Tomcat].[localhost].[/].log - Initializing Spring embedded WebApplicationContext
21-03-2024 10:00:59.056 [restartedMain] [demo] INFO o.s.b.w.s.c.ServletWebServerApplicationContext.prepareWebApplicationContext - Root WebApplicationContext: initialization completed in 3001 ms
21-03-2024 10:00:59.194 [restartedMain] [demo] INFO com.zaxxer.hikari.HikariDataSource.getConnection - HikariPool-1 - Starting...
21-03-2024 10:00:59.395 [restartedMain] [demo] INFO com.zaxxer.hikari.pool.HikariPool.checkFailFast - HikariPool-1 - Added connection org.postgresql.jdbc.PgConnection@2366b742
21-03-2024 10:00:59.396 [restartedMain] [demo] INFO com.zaxxer.hikari.HikariDataSource.getConnection - HikariPool-1 - Start completed.
21-03-2024 10:00:59.449 [restartedMain] [demo] INFO o.h.jpa.internal.util.LogHelper.logPersistenceUnitInformation - HHH000204: Processing PersistenceUnitInfo [name: default]
21-03-2024 10:00:59.501 [restartedMain] [demo] INFO org.hibernate.Version.logVersion - HHH000412: Hibernate ORM core version 6.4.4.Final
21-03-2024 10:00:59.543 [restartedMain] [demo] INFO o.h.c.i.RegionFactoryInitiator.initiateService - HHH000026: Second-level cache disabled
21-03-2024 10:00:59.804 [restartedMain] [demo] INFO o.s.o.j.p.SpringPersistenceUnitInfo.addTransformer - No LoadTimeWeaver setup: ignoring JPA class transformer
21-03-2024 10:00:59.875 [restartedMain] [demo] WARN org.hibernate.orm.deprecation.constructDialect - HHH90000025: PostgreSQLDialect does not need to be specified explicitly using 'hibernate.dialect' (remove the property setting and it will be selected by default)
21-03-2024 10:01:01.052 [restartedMain] [demo] INFO o.h.e.t.j.p.i.JtaPlatformInitiator.initiateService - HHH000489: No JTA platform available (set 'hibernate.transaction.jta.platform' to enable JTA platform integration)
21-03-2024 10:01:01.226 [restartedMain] [demo] INFO o.s.o.j.LocalContainerEntityManagerFactoryBean.buildNativeEntityManagerFactory - Initialized JPA EntityManagerFactory for persistence unit 'default'
21-03-2024 10:01:02.547 [restartedMain] [demo] WARN o.s.b.a.o.j.JpaBaseConfiguration$JpaWebConfiguration.openEntityManagerInViewInterceptor - spring.jpa.open-in-view is enabled by default. Therefore, database queries may be performed during view rendering. Explicitly configure spring.jpa.open-in-view to disable this warning
21-03-2024 10:01:03.562 [restartedMain] [demo] INFO o.s.b.d.a.OptionalLiveReloadServer.startServer - LiveReload server is running on port 35729
21-03-2024 10:01:03.594 [restartedMain] [demo] INFO o.a.coyote.http11.Http11NioProtocol.log - Starting ProtocolHandler ["http-nio-8080"]
21-03-2024 10:01:03.647 [restartedMain] [demo] INFO o.s.b.w.e.tomcat.TomcatWebServer.start - Tomcat started on port 8080 (http) with context path ''
21-03-2024 10:01:03.680 [restartedMain] [demo] INFO com.example.demo.DemoApplicationKt.logStarted - Started DemoApplicationKt in 8.457 seconds (process running for 9.719)
21-03-2024 10:01:41.669 [http-nio-8080-exec-2] [demo] INFO o.a.c.c.C.[Tomcat].[localhost].[/].log - Initializing Spring DispatcherServlet 'dispatcherServlet'
21-03-2024 10:01:41.670 [http-nio-8080-exec-2] [demo] INFO o.s.web.servlet.DispatcherServlet.initServletBean - Initializing Servlet 'dispatcherServlet'
21-03-2024 10:01:41.671 [http-nio-8080-exec-2] [demo] INFO o.s.web.servlet.DispatcherServlet.initServletBean - Completed initialization in 1 ms
21-03-2024 10:01:41.829 [http-nio-8080-exec-2] [demo] DEBUGorg.hibernate.SQL.logStatement - select c1_0.id,c1_0.country,c1_0.created_by_id,c1_0.date_created,c1_0.status,c1_0.last_updated,c1_0.updated_by_id,c1_0.version from countries c1_0 order by c1_0.id
21-03-2024 10:01:41.965 [http-nio-8080-exec-2] [demo] DEBUGorg.hibernate.SQL.logStatement - select c1_0.countryid,c1_0.id,c1_0.city,c1_0.created_by_id,c1_0.date_created,c1_0.status,c1_0.ucity,c1_0.last_updated,c1_0.updated_by_id,c1_0.version from cities c1_0 where c1_0.countryid=?
21-03-2024 10:01:41.968 [http-nio-8080-exec-2] [demo] DEBUGorg.hibernate.SQL.logStatement - select c1_0.countryid,c1_0.id,c1_0.city,c1_0.created_by_id,c1_0.date_created,c1_0.status,c1_0.ucity,c1_0.last_updated,c1_0.updated_by_id,c1_0.version from cities c1_0 where c1_0.countryid=?
21-03-2024 10:02:03.160 [SpringApplicationShutdownHook] [demo] INFO o.s.o.j.LocalContainerEntityManagerFactoryBean.destroy - Closing JPA EntityManagerFactory for persistence unit 'default'
21-03-2024 10:02:03.163 [SpringApplicationShutdownHook] [demo] INFO com.zaxxer.hikari.HikariDataSource.close - HikariPool-1 - Shutdown initiated...
21-03-2024 10:02:03.165 [SpringApplicationShutdownHook] [demo] INFO com.zaxxer.hikari.HikariDataSource.close - HikariPool-1 - Shutdown completed.
21-03-2024 11:06:52.401 [restartedMain] [demo] INFO com.example.demo.DemoApplicationKt.logStarting - Starting DemoApplicationKt using Java 17.0.6 with PID 18072 (D:\Documents\Lesson\Project\Implement with Core\demo\target\classes started by Lenovo in D:\Documents\Lesson\Project\Implement with Core\demo)
21-03-2024 11:06:52.406 [restartedMain] [demo] INFO com.example.demo.DemoApplicationKt.logStartupProfileInfo - No active profile set, falling back to 1 default profile: "default"
21-03-2024 11:06:52.481 [restartedMain] [demo] INFO o.s.b.d.e.DevToolsPropertyDefaultsPostProcessor.logTo - Devtools property defaults active! Set 'spring.devtools.add-properties' to 'false' to disable
21-03-2024 11:06:52.481 [restartedMain] [demo] INFO o.s.b.d.e.DevToolsPropertyDefaultsPostProcessor.logTo - For additional web related logging consider setting the 'logging.level.web' property to 'DEBUG'
21-03-2024 11:06:53.763 [restartedMain] [demo] INFO o.s.d.r.c.RepositoryConfigurationDelegate.registerRepositoriesIn - Bootstrapping Spring Data JPA repositories in DEFAULT mode.
21-03-2024 11:06:53.875 [restartedMain] [demo] INFO o.s.d.r.c.RepositoryConfigurationDelegate.registerRepositoriesIn - Finished Spring Data repository scanning in 99 ms. Found 4 JPA repository interfaces.
21-03-2024 11:06:54.690 [restartedMain] [demo] INFO o.s.b.w.e.tomcat.TomcatWebServer.initialize - Tomcat initialized with port 8080 (http)
21-03-2024 11:06:54.706 [restartedMain] [demo] INFO o.a.coyote.http11.Http11NioProtocol.log - Initializing ProtocolHandler ["http-nio-8080"]
21-03-2024 11:06:54.710 [restartedMain] [demo] INFO o.a.catalina.core.StandardService.log - Starting service [Tomcat]
21-03-2024 11:06:54.710 [restartedMain] [demo] INFO o.a.catalina.core.StandardEngine.log - Starting Servlet engine: [Apache Tomcat/10.1.19]
21-03-2024 11:06:54.829 [restartedMain] [demo] INFO o.a.c.c.C.[Tomcat].[localhost].[/].log - Initializing Spring embedded WebApplicationContext
21-03-2024 11:06:54.830 [restartedMain] [demo] INFO o.s.b.w.s.c.ServletWebServerApplicationContext.prepareWebApplicationContext - Root WebApplicationContext: initialization completed in 2348 ms
21-03-2024 11:06:55.140 [restartedMain] [demo] INFO o.h.jpa.internal.util.LogHelper.logPersistenceUnitInformation - HHH000204: Processing PersistenceUnitInfo [name: default]
21-03-2024 11:06:55.267 [restartedMain] [demo] INFO org.hibernate.Version.logVersion - HHH000412: Hibernate ORM core version 6.4.4.Final
21-03-2024 11:06:55.350 [restartedMain] [demo] INFO o.h.c.i.RegionFactoryInitiator.initiateService - HHH000026: Second-level cache disabled
21-03-2024 11:06:55.891 [restartedMain] [demo] INFO o.s.o.j.p.SpringPersistenceUnitInfo.addTransformer - No LoadTimeWeaver setup: ignoring JPA class transformer
21-03-2024 11:06:55.939 [restartedMain] [demo] INFO com.zaxxer.hikari.HikariDataSource.getConnection - HikariPool-1 - Starting...
21-03-2024 11:06:56.226 [restartedMain] [demo] INFO com.zaxxer.hikari.pool.HikariPool.checkFailFast - HikariPool-1 - Added connection org.postgresql.jdbc.PgConnection@31496cdc
21-03-2024 11:06:56.236 [restartedMain] [demo] INFO com.zaxxer.hikari.HikariDataSource.getConnection - HikariPool-1 - Start completed.
21-03-2024 11:06:56.282 [restartedMain] [demo] WARN org.hibernate.orm.deprecation.constructDialect - HHH90000025: PostgreSQLDialect does not need to be specified explicitly using 'hibernate.dialect' (remove the property setting and it will be selected by default)
21-03-2024 11:06:57.810 [restartedMain] [demo] INFO o.h.e.t.j.p.i.JtaPlatformInitiator.initiateService - HHH000489: No JTA platform available (set 'hibernate.transaction.jta.platform' to enable JTA platform integration)
21-03-2024 11:06:57.934 [restartedMain] [demo] DEBUGorg.hibernate.SQL.logStatement - create table cities (id bigserial not null, created_by_id bigint, date_created timestamp(6), status boolean default true not null, last_updated timestamp(6), updated_by_id bigint, version integer, city varchar(50), ucity varchar(255), countryid bigint, primary key (id))
21-03-2024 11:06:57.963 [restartedMain] [demo] DEBUGorg.hibernate.SQL.logStatement - create table countries (id bigserial not null, created_by_id bigint, date_created timestamp(6), status boolean default true not null, last_updated timestamp(6), updated_by_id bigint, version integer, country varchar(50), primary key (id))
21-03-2024 11:06:57.975 [restartedMain] [demo] DEBUGorg.hibernate.SQL.logStatement - create table hotels (id bigserial not null, created_by_id bigint, date_created timestamp(6), status boolean default true not null, last_updated timestamp(6), updated_by_id bigint, version integer, cost float(53), hotel varchar(100), info varchar(255), stars integer, cityid bigint, primary key (id))
21-03-2024 11:06:57.990 [restartedMain] [demo] DEBUGorg.hibernate.SQL.logStatement - create table images (id bigserial not null, created_by_id bigint, date_created timestamp(6), status boolean default true not null, last_updated timestamp(6), updated_by_id bigint, version integer, imagepath varchar(256), hotelid bigint, primary key (id))
21-03-2024 11:06:58.003 [restartedMain] [demo] DEBUGorg.hibernate.SQL.logStatement - alter table if exists cities drop constraint if exists UKja6kd2vaqnwf83musxqr9qah2
21-03-2024 11:06:58.009 [restartedMain] [demo] WARN o.h.e.jdbc.spi.SqlExceptionHelper.logWarning - SQL Warning Code: 0, SQLState: 00000
21-03-2024 11:06:58.010 [restartedMain] [demo] WARN o.h.e.jdbc.spi.SqlExceptionHelper.logWarning - constraint "ukja6kd2vaqnwf83musxqr9qah2" of relation "cities" does not exist, skipping
21-03-2024 11:06:58.011 [restartedMain] [demo] DEBUGorg.hibernate.SQL.logStatement - alter table if exists cities add constraint UKja6kd2vaqnwf83musxqr9qah2 unique (city)
21-03-2024 11:06:58.019 [restartedMain] [demo] DEBUGorg.hibernate.SQL.logStatement - alter table if exists countries drop constraint if exists UK3lq92imnnml27mqu9lr1emjge
21-03-2024 11:06:58.022 [restartedMain] [demo] WARN o.h.e.jdbc.spi.SqlExceptionHelper.logWarning - SQL Warning Code: 0, SQLState: 00000
21-03-2024 11:06:58.024 [restartedMain] [demo] WARN o.h.e.jdbc.spi.SqlExceptionHelper.logWarning - constraint "uk3lq92imnnml27mqu9lr1emjge" of relation "countries" does not exist, skipping
21-03-2024 11:06:58.025 [restartedMain] [demo] DEBUGorg.hibernate.SQL.logStatement - alter table if exists countries add constraint UK3lq92imnnml27mqu9lr1emjge unique (country)
21-03-2024 11:06:58.031 [restartedMain] [demo] DEBUGorg.hibernate.SQL.logStatement - alter table if exists hotels drop constraint if exists UKcjb3o0c32k48ljt6c8hv4xvvs
21-03-2024 11:06:58.034 [restartedMain] [demo] WARN o.h.e.jdbc.spi.SqlExceptionHelper.logWarning - SQL Warning Code: 0, SQLState: 00000
21-03-2024 11:06:58.035 [restartedMain] [demo] WARN o.h.e.jdbc.spi.SqlExceptionHelper.logWarning - constraint "ukcjb3o0c32k48ljt6c8hv4xvvs" of relation "hotels" does not exist, skipping
21-03-2024 11:06:58.036 [restartedMain] [demo] DEBUGorg.hibernate.SQL.logStatement - alter table if exists hotels add constraint UKcjb3o0c32k48ljt6c8hv4xvvs unique (hotel)
21-03-2024 11:06:58.043 [restartedMain] [demo] DEBUGorg.hibernate.SQL.logStatement - alter table if exists images drop constraint if exists UKo96228pf2emfge29o9tnjprcn
21-03-2024 11:06:58.046 [restartedMain] [demo] WARN o.h.e.jdbc.spi.SqlExceptionHelper.logWarning - SQL Warning Code: 0, SQLState: 00000
21-03-2024 11:06:58.047 [restartedMain] [demo] WARN o.h.e.jdbc.spi.SqlExceptionHelper.logWarning - constraint "uko96228pf2emfge29o9tnjprcn" of relation "images" does not exist, skipping
21-03-2024 11:06:58.048 [restartedMain] [demo] DEBUGorg.hibernate.SQL.logStatement - alter table if exists images add constraint UKo96228pf2emfge29o9tnjprcn unique (imagepath)
21-03-2024 11:06:58.056 [restartedMain] [demo] DEBUGorg.hibernate.SQL.logStatement - alter table if exists cities add constraint FKjiid62wexqfewvl9648ygr9pn foreign key (countryid) references countries
21-03-2024 11:06:58.075 [restartedMain] [demo] DEBUGorg.hibernate.SQL.logStatement - alter table if exists hotels add constraint FK389p6aniig5csmmhgn4ltd0a8 foreign key (cityid) references cities
21-03-2024 11:06:58.083 [restartedMain] [demo] DEBUGorg.hibernate.SQL.logStatement - alter table if exists images add constraint FK2d9ytkcpnds9fui0798yo2t65 foreign key (hotelid) references hotels
21-03-2024 11:06:58.095 [restartedMain] [demo] INFO o.s.o.j.LocalContainerEntityManagerFactoryBean.buildNativeEntityManagerFactory - Initialized JPA EntityManagerFactory for persistence unit 'default'
21-03-2024 11:06:59.858 [restartedMain] [demo] WARN o.s.b.a.o.j.JpaBaseConfiguration$JpaWebConfiguration.openEntityManagerInViewInterceptor - spring.jpa.open-in-view is enabled by default. Therefore, database queries may be performed during view rendering. Explicitly configure spring.jpa.open-in-view to disable this warning
21-03-2024 11:07:00.594 [restartedMain] [demo] INFO o.s.b.d.a.OptionalLiveReloadServer.startServer - LiveReload server is running on port 35729
21-03-2024 11:07:00.648 [restartedMain] [demo] INFO o.a.coyote.http11.Http11NioProtocol.log - Starting ProtocolHandler ["http-nio-8080"]
21-03-2024 11:07:00.684 [restartedMain] [demo] INFO o.s.b.w.e.tomcat.TomcatWebServer.start - Tomcat started on port 8080 (http) with context path ''
21-03-2024 11:07:00.704 [restartedMain] [demo] INFO com.example.demo.DemoApplicationKt.logStarted - Started DemoApplicationKt in 9.034 seconds (process running for 10.112)
21-03-2024 11:08:08.275 [http-nio-8080-exec-1] [demo] INFO o.a.c.c.C.[Tomcat].[localhost].[/].log - Initializing Spring DispatcherServlet 'dispatcherServlet'
21-03-2024 11:08:08.276 [http-nio-8080-exec-1] [demo] INFO o.s.web.servlet.DispatcherServlet.initServletBean - Initializing Servlet 'dispatcherServlet'
21-03-2024 11:08:08.283 [http-nio-8080-exec-1] [demo] INFO o.s.web.servlet.DispatcherServlet.initServletBean - Completed initialization in 5 ms
21-03-2024 11:08:09.488 [http-nio-8080-exec-1] [demo] DEBUGorg.hibernate.SQL.logStatement - select c1_0.id,c1_0.country,c1_0.created_by_id,c1_0.date_created,c1_0.status,c1_0.last_updated,c1_0.updated_by_id,c1_0.version from countries c1_0
21-03-2024 11:08:09.608 [http-nio-8080-exec-1] [demo] DEBUGorg.hibernate.SQL.logStatement - insert into countries (country,created_by_id,date_created,status,last_updated,updated_by_id,version) values (?,?,?,?,?,?,?)
21-03-2024 11:08:09.765 [http-nio-8080-exec-1] [demo] DEBUGorg.hibernate.SQL.logStatement - update countries set country=?,created_by_id=?,date_created=?,status=?,last_updated=?,updated_by_id=?,version=? where id=?
21-03-2024 11:08:23.331 [http-nio-8080-exec-3] [demo] ERRORc.i.c.core.GlobalExceptionHandler.handleAllExceptions - Country can not be empty!
21-03-2024 11:08:23.341 [http-nio-8080-exec-3] [demo] WARN o.s.w.s.m.m.a.ExceptionHandlerExceptionResolver.logException - Resolved [java.lang.NullPointerException: Country can not be empty!]
21-03-2024 11:08:39.444 [http-nio-8080-exec-6] [demo] DEBUGorg.hibernate.SQL.logStatement - select c1_0.id,c1_0.country,c1_0.created_by_id,c1_0.date_created,c1_0.status,c1_0.last_updated,c1_0.updated_by_id,c1_0.version from countries c1_0
21-03-2024 11:08:39.471 [http-nio-8080-exec-6] [demo] ERRORc.i.c.core.GlobalExceptionHandler.handleAllExceptions - Cambodia is already existed!
21-03-2024 11:08:39.474 [http-nio-8080-exec-6] [demo] WARN o.s.w.s.m.m.a.ExceptionHandlerExceptionResolver.logException - Resolved [java.lang.IllegalStateException: Cambodia is already existed!]
21-03-2024 11:09:11.030 [http-nio-8080-exec-5] [demo] DEBUGorg.hibernate.SQL.logStatement - select c1_0.id,c1_0.country,c1_0.created_by_id,c1_0.date_created,c1_0.status,c1_0.last_updated,c1_0.updated_by_id,c1_0.version from countries c1_0
21-03-2024 11:09:11.032 [http-nio-8080-exec-5] [demo] DEBUGorg.hibernate.SQL.logStatement - insert into countries (country,created_by_id,date_created,status,last_updated,updated_by_id,version) values (?,?,?,?,?,?,?)
21-03-2024 11:09:11.040 [http-nio-8080-exec-5] [demo] DEBUGorg.hibernate.SQL.logStatement - update countries set country=?,created_by_id=?,date_created=?,status=?,last_updated=?,updated_by_id=?,version=? where id=?
21-03-2024 11:09:39.181 [SpringApplicationShutdownHook] [demo] INFO o.s.o.j.LocalContainerEntityManagerFactoryBean.destroy - Closing JPA EntityManagerFactory for persistence unit 'default'
21-03-2024 11:09:39.183 [SpringApplicationShutdownHook] [demo] INFO com.zaxxer.hikari.HikariDataSource.close - HikariPool-1 - Shutdown initiated...
21-03-2024 11:09:39.193 [SpringApplicationShutdownHook] [demo] INFO com.zaxxer.hikari.HikariDataSource.close - HikariPool-1 - Shutdown completed.
